<?xml version="1.0" encoding="UTF-8"?>
<!-- Generated by org.testng.reporters.JUnitReportReporter -->
<testsuite hostname="MSDES02" failures="0" tests="1" name="com.medicalapp_tests.TC_003_AddCustomer" time="5.065" errors="0" timestamp="2024-10-08T12:45:13 IST" skipped="0">
  <testcase classname="com.medicalapp_tests.TC_003_AddCustomer" name="MedicalAppAddCustomer_TC_003" time="5.065"/>
</testsuite> <!-- com.medicalapp_tests.TC_003_AddCustomer -->
