<?xml version="1.0" encoding="UTF-8"?>
<!-- Generated by org.testng.reporters.JUnitReportReporter -->
<testsuite hostname="MSDES02" failures="0" tests="1" name="com.medicalapp_tests.TC_001_AddNewStockDetails" time="7.464" errors="0" timestamp="2024-10-08T12:27:45 IST" skipped="0">
  <testcase classname="com.medicalapp_tests.TC_001_AddNewStockDetails" name="AddStockTestcase" time="7.464"/>
</testsuite> <!-- com.medicalapp_tests.TC_001_AddNewStockDetails -->
