<?xml version="1.0" encoding="UTF-8"?>
<!-- Generated by org.testng.reporters.JUnitReportReporter -->
<testsuite hostname="MSDES03" failures="0" tests="2" name="com.medicalApp_tests.MedicalApp_UpdateCustomer_Test" time="6.268" errors="0" timestamp="2024-10-07T16:52:48 IST" skipped="0">
  <testcase classname="com.medicalApp_tests.MedicalApp_UpdateCustomer_Test" name="UpdateCustomer_Test" time="6.258"/>
  <testcase classname="com.medicalApp_tests.MedicalApp_UpdateCustomer_Test" name="UpdateCustomer_Test" time="0.010"/>
</testsuite> <!-- com.medicalApp_tests.MedicalApp_UpdateCustomer_Test -->
