<?xml version="1.0" encoding="UTF-8"?>
<!-- Generated by org.testng.reporters.JUnitReportReporter -->
<testsuite hostname="Admin" failures="0" tests="1" name="com.medicalApp_tests.TC_002_UpdateStock_Testcase" time="9.045" errors="0" timestamp="2024-10-07T13:05:01 IST" skipped="0">
  <testcase classname="com.medicalApp_tests.TC_002_UpdateStock_Testcase" name="PurchaseOrder" time="9.045"/>
</testsuite> <!-- com.medicalApp_tests.TC_002_UpdateStock_Testcase -->
