<?xml version="1.0" encoding="UTF-8"?>
<!-- Generated by org.testng.reporters.JUnitReportReporter -->
<testsuite hostname="MSDES02" failures="0" tests="1" name="com.medicalApp_tests.Demo" time="1.615" errors="0" timestamp="2024-09-30T10:50:42 IST" skipped="0">
  <testcase classname="com.medicalApp_tests.Demo" name="Demo1" time="1.615"/>
</testsuite> <!-- com.medicalApp_tests.Demo -->
