<?xml version="1.0" encoding="UTF-8"?>
<!-- Generated by org.testng.reporters.JUnitReportReporter -->
<testsuite hostname="MSDES03" failures="0" tests="2" name="com.medicalApp_tests.MedicalApp_UpdateCustomer_Test" time="5.234" errors="0" timestamp="2024-10-07T10:48:27 IST" skipped="0">
  <testcase classname="com.medicalApp_tests.MedicalApp_UpdateCustomer_Test" name="UpdateCustomer_Test" time="0.009"/>
  <testcase classname="com.medicalApp_tests.MedicalApp_UpdateCustomer_Test" name="UpdateCustomer_Test" time="5.225"/>
</testsuite> <!-- com.medicalApp_tests.MedicalApp_UpdateCustomer_Test -->
