<?xml version="1.0" encoding="UTF-8"?>
<!-- Generated by org.testng.reporters.JUnitReportReporter -->
<testsuite hostname="MSDES02" failures="0" tests="1" name="com.medicalapp_tests.TC_001_AddNewStockDetails" time="6.821" errors="0" timestamp="2024-10-09T11:26:21 IST" skipped="0">
  <testcase classname="com.medicalapp_tests.TC_001_AddNewStockDetails" name="AddStockTestcase" time="6.821"/>
</testsuite> <!-- com.medicalapp_tests.TC_001_AddNewStockDetails -->
