<?xml version="1.0" encoding="UTF-8"?>
<!-- Generated by org.testng.reporters.JUnitReportReporter -->
<testsuite hostname="MSDES11" failures="0" tests="1" name="com.medicalApp_tests.Demo" time="3.700" errors="0" timestamp="2024-10-07T11:03:15 IST" skipped="0">
  <testcase classname="com.medicalApp_tests.Demo" name="Demo1" time="3.700"/>
</testsuite> <!-- com.medicalApp_tests.Demo -->
