<?xml version="1.0" encoding="UTF-8"?>
<!-- Generated by org.testng.reporters.JUnitReportReporter -->
<testsuite hostname="MSDES02" failures="0" tests="1" name="com.medicalapp.testcase.TC_003_AddCustomer" time="2.898" errors="0" timestamp="2024-10-09T12:57:16 IST" skipped="0">
  <testcase classname="com.medicalapp.testcase.TC_003_AddCustomer" name="MedicalAppAddCustomer_TC_003" time="2.898"/>
</testsuite> <!-- com.medicalapp.testcase.TC_003_AddCustomer -->
