<?xml version="1.0" encoding="UTF-8"?>
<!-- Generated by org.testng.reporters.JUnitReportReporter -->
<testsuite hostname="MSDES02" failures="0" tests="1" name="com.medicalapp_tests.MedicalApp_AddCustomer" time="2.426" errors="0" timestamp="2024-10-07T17:09:03 IST" skipped="0">
  <testcase classname="com.medicalapp_tests.MedicalApp_AddCustomer" name="MedicalAppAddCustomer_TC_003" time="2.426"/>
</testsuite> <!-- com.medicalapp_tests.MedicalApp_AddCustomer -->
